CRITICAL - 2025-01-30 13:29:29 --> CodeIgniter\View\Exceptions\ViewException: Invalid file: "our_global_presence_gallery.php"
[Method: GET, Route: our_global_presence_gallery]
in SYSTEMPATH/Exceptions/FrameworkException.php on line 39.
 1 SYSTEMPATH/View/View.php(212): CodeIgniter\Exceptions\FrameworkException::forInvalidFile('our_global_presence_gallery.php')
 2 SYSTEMPATH/Common.php(1173): CodeIgniter\View\View->render('our_global_presence_gallery', [], true)
 3 APPPATH/Controllers/Home.php(45): view('our_global_presence_gallery')
 4 SYSTEMPATH/CodeIgniter.php(933): App\Controllers\Home->our_global_presence_gallery()
 5 SYSTEMPATH/CodeIgniter.php(507): CodeIgniter\CodeIgniter->runController(Object(App\Controllers\Home))
 6 SYSTEMPATH/CodeIgniter.php(354): CodeIgniter\CodeIgniter->handleRequest(null, Object(Config\Cache), false)
 7 SYSTEMPATH/Boot.php(334): CodeIgniter\CodeIgniter->run()
 8 SYSTEMPATH/Boot.php(67): CodeIgniter\Boot::runCodeIgniter(Object(CodeIgniter\CodeIgniter))
 9 FCPATH/index.php(56): CodeIgniter\Boot::bootWeb(Object(Config\Paths))
10 SYSTEMPATH/rewrite.php(44): require_once('/Users/amalganesh/Documents/External Projects/santron/public/index.php')
CRITICAL - 2025-01-30 13:31:07 --> CodeIgniter\View\Exceptions\ViewException: Invalid file: "our_global_presence_gallery.php"
[Method: GET, Route: our_global_presence_gallery]
in SYSTEMPATH/Exceptions/FrameworkException.php on line 39.
 1 SYSTEMPATH/View/View.php(212): CodeIgniter\Exceptions\FrameworkException::forInvalidFile('our_global_presence_gallery.php')
 2 SYSTEMPATH/Common.php(1173): CodeIgniter\View\View->render('our_global_presence_gallery', [], true)
 3 APPPATH/Controllers/Home.php(45): view('our_global_presence_gallery')
 4 SYSTEMPATH/CodeIgniter.php(933): App\Controllers\Home->our_global_presence_gallery()
 5 SYSTEMPATH/CodeIgniter.php(507): CodeIgniter\CodeIgniter->runController(Object(App\Controllers\Home))
 6 SYSTEMPATH/CodeIgniter.php(354): CodeIgniter\CodeIgniter->handleRequest(null, Object(Config\Cache), false)
 7 SYSTEMPATH/Boot.php(334): CodeIgniter\CodeIgniter->run()
 8 SYSTEMPATH/Boot.php(67): CodeIgniter\Boot::runCodeIgniter(Object(CodeIgniter\CodeIgniter))
 9 FCPATH/index.php(56): CodeIgniter\Boot::bootWeb(Object(Config\Paths))
10 SYSTEMPATH/rewrite.php(44): require_once('/Users/amalganesh/Documents/External Projects/santron/public/index.php')
