CRITICAL - 2025-02-01 05:57:45 --> CodeIgniter\View\Exceptions\ViewException: Invalid file: "admin_home.php"
[Method: GET, Route: admin_home]
in SYSTEMPATH/Exceptions/FrameworkException.php on line 39.
 1 SYSTEMPATH/View/View.php(212): CodeIgniter\Exceptions\FrameworkException::forInvalidFile('admin_home.php')
 2 SYSTEMPATH/Common.php(1173): CodeIgniter\View\View->render('admin_home', [], true)
 3 APPPATH/Controllers/AdminController.php(9): view('admin_home')
 4 SYSTEMPATH/CodeIgniter.php(933): App\Controllers\AdminController->admin_home()
 5 SYSTEMPATH/CodeIgniter.php(507): CodeIgniter\CodeIgniter->runController(Object(App\Controllers\AdminController))
 6 SYSTEMPATH/CodeIgniter.php(354): CodeIgniter\CodeIgniter->handleRequest(null, Object(Config\Cache), false)
 7 SYSTEMPATH/Boot.php(334): CodeIgniter\CodeIgniter->run()
 8 SYSTEMPATH/Boot.php(67): CodeIgniter\Boot::runCodeIgniter(Object(CodeIgniter\CodeIgniter))
 9 FCPATH/index.php(56): CodeIgniter\Boot::bootWeb(Object(Config\Paths))
10 SYSTEMPATH/rewrite.php(44): require_once('/Users/amalganesh/Documents/External Projects/santron/public/index.php')
CRITICAL - 2025-02-01 06:09:53 --> CodeIgniter\View\Exceptions\ViewException: Invalid file: "admin/admin_home.php"
[Method: GET, Route: admin_home]
in SYSTEMPATH/Exceptions/FrameworkException.php on line 39.
 1 SYSTEMPATH/View/View.php(212): CodeIgniter\Exceptions\FrameworkException::forInvalidFile('admin/admin_home.php')
 2 SYSTEMPATH/Common.php(1173): CodeIgniter\View\View->render('admin/admin_home', [], true)
 3 APPPATH/Controllers/AdminController.php(9): view('admin/admin_home')
 4 SYSTEMPATH/CodeIgniter.php(933): App\Controllers\AdminController->index()
 5 SYSTEMPATH/CodeIgniter.php(507): CodeIgniter\CodeIgniter->runController(Object(App\Controllers\AdminController))
 6 SYSTEMPATH/CodeIgniter.php(354): CodeIgniter\CodeIgniter->handleRequest(null, Object(Config\Cache), false)
 7 SYSTEMPATH/Boot.php(334): CodeIgniter\CodeIgniter->run()
 8 SYSTEMPATH/Boot.php(67): CodeIgniter\Boot::runCodeIgniter(Object(CodeIgniter\CodeIgniter))
 9 FCPATH/index.php(56): CodeIgniter\Boot::bootWeb(Object(Config\Paths))
10 SYSTEMPATH/rewrite.php(44): require_once('/Users/amalganesh/Documents/External Projects/santron/public/index.php')
CRITICAL - 2025-02-01 06:10:10 --> ErrorException: include(./partials/head.php): Failed to open stream: No such file or directory
[Method: GET, Route: admin_home]
in APPPATH/Views/admin/admin_login.php on line 5.
 1 APPPATH/Views/admin/admin_login.php(5): CodeIgniter\Debug\Exceptions->errorHandler(2, 'include(./partials/head.php): Failed to open stream: No such file or directory', '/Users/amalganesh/Documents/External Projects/santron/app/Views/admin/admin_login.php', 5)
 2 APPPATH/Views/admin/admin_login.php(5): include()
 3 SYSTEMPATH/View/View.php(224): include('/Users/amalganesh/Documents/External Projects/santron/app/Views/admin/admin_login.php')
 4 SYSTEMPATH/View/View.php(227): CodeIgniter\View\View->{closure:CodeIgniter\View\View::render():221}()
 5 SYSTEMPATH/Common.php(1173): CodeIgniter\View\View->render('admin/admin_login', [], true)
 6 APPPATH/Controllers/AdminController.php(9): view('admin/admin_login')
 7 SYSTEMPATH/CodeIgniter.php(933): App\Controllers\AdminController->index()
 8 SYSTEMPATH/CodeIgniter.php(507): CodeIgniter\CodeIgniter->runController(Object(App\Controllers\AdminController))
 9 SYSTEMPATH/CodeIgniter.php(354): CodeIgniter\CodeIgniter->handleRequest(null, Object(Config\Cache), false)
10 SYSTEMPATH/Boot.php(334): CodeIgniter\CodeIgniter->run()
11 SYSTEMPATH/Boot.php(67): CodeIgniter\Boot::runCodeIgniter(Object(CodeIgniter\CodeIgniter))
12 FCPATH/index.php(56): CodeIgniter\Boot::bootWeb(Object(Config\Paths))
13 SYSTEMPATH/rewrite.php(44): require_once('/Users/amalganesh/Documents/External Projects/santron/public/index.php')
CRITICAL - 2025-02-01 06:10:32 --> ErrorException: include(./partials/scripts.php): Failed to open stream: No such file or directory
[Method: GET, Route: admin_home]
in APPPATH/Views/admin/admin_login.php on line 92.
 1 APPPATH/Views/admin/admin_login.php(92): CodeIgniter\Debug\Exceptions->errorHandler(2, 'include(./partials/scripts.php): Failed to open stream: No such file or directory', '/Users/amalganesh/Documents/External Projects/santron/app/Views/admin/admin_login.php', 92)
 2 APPPATH/Views/admin/admin_login.php(92): include()
 3 SYSTEMPATH/View/View.php(224): include('/Users/amalganesh/Documents/External Projects/santron/app/Views/admin/admin_login.php')
 4 SYSTEMPATH/View/View.php(227): CodeIgniter\View\View->{closure:CodeIgniter\View\View::render():221}()
 5 SYSTEMPATH/Common.php(1173): CodeIgniter\View\View->render('admin/admin_login', [], true)
 6 APPPATH/Controllers/AdminController.php(9): view('admin/admin_login')
 7 SYSTEMPATH/CodeIgniter.php(933): App\Controllers\AdminController->index()
 8 SYSTEMPATH/CodeIgniter.php(507): CodeIgniter\CodeIgniter->runController(Object(App\Controllers\AdminController))
 9 SYSTEMPATH/CodeIgniter.php(354): CodeIgniter\CodeIgniter->handleRequest(null, Object(Config\Cache), false)
10 SYSTEMPATH/Boot.php(334): CodeIgniter\CodeIgniter->run()
11 SYSTEMPATH/Boot.php(67): CodeIgniter\Boot::runCodeIgniter(Object(CodeIgniter\CodeIgniter))
12 FCPATH/index.php(56): CodeIgniter\Boot::bootWeb(Object(Config\Paths))
13 SYSTEMPATH/rewrite.php(44): require_once('/Users/amalganesh/Documents/External Projects/santron/public/index.php')
CRITICAL - 2025-02-01 06:19:57 --> Error: Class "App\Controllers\Database" not found
[Method: GET, Route: test_db]
in APPPATH/Controllers/AdminController.php on line 13.
 1 SYSTEMPATH/CodeIgniter.php(933): App\Controllers\AdminController->test_db()
 2 SYSTEMPATH/CodeIgniter.php(507): CodeIgniter\CodeIgniter->runController(Object(App\Controllers\AdminController))
 3 SYSTEMPATH/CodeIgniter.php(354): CodeIgniter\CodeIgniter->handleRequest(null, Object(Config\Cache), false)
 4 SYSTEMPATH/Boot.php(334): CodeIgniter\CodeIgniter->run()
 5 SYSTEMPATH/Boot.php(67): CodeIgniter\Boot::runCodeIgniter(Object(CodeIgniter\CodeIgniter))
 6 FCPATH/index.php(56): CodeIgniter\Boot::bootWeb(Object(Config\Paths))
 7 SYSTEMPATH/rewrite.php(44): require_once('/Users/amalganesh/Documents/External Projects/santron/public/index.php')
CRITICAL - 2025-02-01 06:20:29 --> CodeIgniter\Database\Exceptions\DatabaseException: No such file or directory
[Method: GET, Route: test_db]
in SYSTEMPATH/Database/MySQLi/Connection.php on line 246.
 1 APPPATH/Controllers/AdminController.php(15): CodeIgniter\Database\MySQLi\Connection->connect()
 2 SYSTEMPATH/CodeIgniter.php(933): App\Controllers\AdminController->test_db()
 3 SYSTEMPATH/CodeIgniter.php(507): CodeIgniter\CodeIgniter->runController(Object(App\Controllers\AdminController))
 4 SYSTEMPATH/CodeIgniter.php(354): CodeIgniter\CodeIgniter->handleRequest(null, Object(Config\Cache), false)
 5 SYSTEMPATH/Boot.php(334): CodeIgniter\CodeIgniter->run()
 6 SYSTEMPATH/Boot.php(67): CodeIgniter\Boot::runCodeIgniter(Object(CodeIgniter\CodeIgniter))
 7 FCPATH/index.php(56): CodeIgniter\Boot::bootWeb(Object(Config\Paths))
 8 SYSTEMPATH/rewrite.php(44): require_once('/Users/amalganesh/Documents/External Projects/santron/public/index.php')
CRITICAL - 2025-02-01 06:20:29 --> [Caused by] mysqli_sql_exception: No such file or directory
in SYSTEMPATH/Database/MySQLi/Connection.php on line 201.
 1 SYSTEMPATH/Database/MySQLi/Connection.php(201): mysqli->real_connect('localhost', 'amalganesh', Object(SensitiveParameterValue), 'santron_db', 3306, '', 0)
 2 APPPATH/Controllers/AdminController.php(15): CodeIgniter\Database\MySQLi\Connection->connect()
 3 SYSTEMPATH/CodeIgniter.php(933): App\Controllers\AdminController->test_db()
 4 SYSTEMPATH/CodeIgniter.php(507): CodeIgniter\CodeIgniter->runController(Object(App\Controllers\AdminController))
 5 SYSTEMPATH/CodeIgniter.php(354): CodeIgniter\CodeIgniter->handleRequest(null, Object(Config\Cache), false)
 6 SYSTEMPATH/Boot.php(334): CodeIgniter\CodeIgniter->run()
 7 SYSTEMPATH/Boot.php(67): CodeIgniter\Boot::runCodeIgniter(Object(CodeIgniter\CodeIgniter))
 8 FCPATH/index.php(56): CodeIgniter\Boot::bootWeb(Object(Config\Paths))
 9 SYSTEMPATH/rewrite.php(44): require_once('/Users/amalganesh/Documents/External Projects/santron/public/index.php')
CRITICAL - 2025-02-01 06:22:17 --> CodeIgniter\Database\Exceptions\DatabaseException: Access denied for user '****'@'122.172.84.203' (using password: YES)
[Method: GET, Route: test_db]
in SYSTEMPATH/Database/MySQLi/Connection.php on line 246.
 1 APPPATH/Controllers/AdminController.php(15): CodeIgniter\Database\MySQLi\Connection->connect()
 2 SYSTEMPATH/CodeIgniter.php(933): App\Controllers\AdminController->test_db()
 3 SYSTEMPATH/CodeIgniter.php(507): CodeIgniter\CodeIgniter->runController(Object(App\Controllers\AdminController))
 4 SYSTEMPATH/CodeIgniter.php(354): CodeIgniter\CodeIgniter->handleRequest(null, Object(Config\Cache), false)
 5 SYSTEMPATH/Boot.php(334): CodeIgniter\CodeIgniter->run()
 6 SYSTEMPATH/Boot.php(67): CodeIgniter\Boot::runCodeIgniter(Object(CodeIgniter\CodeIgniter))
 7 FCPATH/index.php(56): CodeIgniter\Boot::bootWeb(Object(Config\Paths))
 8 SYSTEMPATH/rewrite.php(44): require_once('/Users/amalganesh/Documents/External Projects/santron/public/index.php')
CRITICAL - 2025-02-01 06:22:17 --> [Caused by] mysqli_sql_exception: Access denied for user 'amalganesh'@'122.172.84.203' (using password: YES)
in SYSTEMPATH/Database/MySQLi/Connection.php on line 201.
 1 SYSTEMPATH/Database/MySQLi/Connection.php(201): mysqli->real_connect('68.178.149.68', 'amalganesh', Object(SensitiveParameterValue), 'santron_db', 3306, '', 0)
 2 APPPATH/Controllers/AdminController.php(15): CodeIgniter\Database\MySQLi\Connection->connect()
 3 SYSTEMPATH/CodeIgniter.php(933): App\Controllers\AdminController->test_db()
 4 SYSTEMPATH/CodeIgniter.php(507): CodeIgniter\CodeIgniter->runController(Object(App\Controllers\AdminController))
 5 SYSTEMPATH/CodeIgniter.php(354): CodeIgniter\CodeIgniter->handleRequest(null, Object(Config\Cache), false)
 6 SYSTEMPATH/Boot.php(334): CodeIgniter\CodeIgniter->run()
 7 SYSTEMPATH/Boot.php(67): CodeIgniter\Boot::runCodeIgniter(Object(CodeIgniter\CodeIgniter))
 8 FCPATH/index.php(56): CodeIgniter\Boot::bootWeb(Object(Config\Paths))
 9 SYSTEMPATH/rewrite.php(44): require_once('/Users/amalganesh/Documents/External Projects/santron/public/index.php')
